# JRE version: Java(TM) SE Runtime Environment (8.0_171-b11) (build 1.8.0_171-b11)
# Java VM: Java HotSpot(TM) 64-Bit Server VM (25.171-b11 mixed mode windows-amd64 compressed oops)
Heap:
 PSYoungGen      total 84480K, used 47047K [0x00000000eb300000, 0x00000000f0d80000, 0x0000000100000000)
  eden space 77312K, 54% used [0x00000000eb300000,0x00000000edc84590,0x00000000efe80000)
  from space 7168K, 63% used [0x00000000f0680000,0x00000000f0aed9e8,0x00000000f0d80000)
  to   space 7680K, 0% used [0x00000000efe80000,0x00000000efe80000,0x00000000f0600000)
 ParOldGen       total 51200K, used 17420K [0x00000000c1800000, 0x00000000c4a00000, 0x00000000eb300000)
  object space 51200K, 34% used [0x00000000c1800000,0x00000000c2903198,0x00000000c4a00000)
 Metaspace       used 43074K, capacity 44532K, committed 44672K, reserved 1087488K
  class space    used 5741K, capacity 6016K, committed 6016K, reserved 1048576K
GC Heap History (10 events):
Event: 13.969 GC heap before
{Heap before GC invocations=16 (full 1):
 PSYoungGen      total 51712K, used 46400K [0x00000000eb300000, 0x00000000eed00000, 0x0000000100000000)
  eden space 44544K, 100% used [0x00000000eb300000,0x00000000ede80000,0x00000000ede80000)
  from space 7168K, 25% used [0x00000000ee580000,0x00000000ee750000,0x00000000eec80000)
  to   space 7168K, 0% used [0x00000000ede80000,0x00000000ede80000,0x00000000ee580000)
 ParOldGen       total 31744K, used 15059K [0x00000000c1800000, 0x00000000c3700000, 0x00000000eb300000)
  object space 31744K, 47% used [0x00000000c1800000,0x00000000c26b4e48,0x00000000c3700000)
 Metaspace       used 33727K, capacity 34794K, committed 35072K, reserved 1079296K
  class space    used 4311K, capacity 4559K, committed 4608K, reserved 1048576K
Event: 13.978 GC heap after
Heap after GC invocations=16 (full 1):
 PSYoungGen      total 51712K, used 4189K [0x00000000eb300000, 0x00000000efd80000, 0x0000000100000000)
  eden space 44544K, 0% used [0x00000000eb300000,0x00000000eb300000,0x00000000ede80000)
  from space 7168K, 58% used [0x00000000ede80000,0x00000000ee297738,0x00000000ee580000)
  to   space 7168K, 0% used [0x00000000ef680000,0x00000000ef680000,0x00000000efd80000)
 ParOldGen       total 31744K, used 16459K [0x00000000c1800000, 0x00000000c3700000, 0x00000000eb300000)
  object space 31744K, 51% used [0x00000000c1800000,0x00000000c2812e48,0x00000000c3700000)
 Metaspace       used 33727K, capacity 34794K, committed 35072K, reserved 1079296K
  class space    used 4311K, capacity 4559K, committed 4608K, reserved 1048576K
}
Event: 14.067 GC heap before
{Heap before GC invocations=17 (full 1):
 PSYoungGen      total 51712K, used 9478K [0x00000000eb300000, 0x00000000efd80000, 0x0000000100000000)
  eden space 44544K, 11% used [0x00000000eb300000,0x00000000eb82a328,0x00000000ede80000)
  from space 7168K, 58% used [0x00000000ede80000,0x00000000ee297738,0x00000000ee580000)
  to   space 7168K, 0% used [0x00000000ef680000,0x00000000ef680000,0x00000000efd80000)
 ParOldGen       total 31744K, used 16459K [0x00000000c1800000, 0x00000000c3700000, 0x00000000eb300000)
  object space 31744K, 51% used [0x00000000c1800000,0x00000000c2812e48,0x00000000c3700000)
 Metaspace       used 34247K, capacity 35292K, committed 35416K, reserved 1081344K
  class space    used 4350K, capacity 4594K, committed 4608K, reserved 1048576K
Event: 14.075 GC heap after
Heap after GC invocations=17 (full 1):
 PSYoungGen      total 69120K, used 959K [0x00000000eb300000, 0x00000000f0280000, 0x0000000100000000)
  eden space 61952K, 0% used [0x00000000eb300000,0x00000000eb300000,0x00000000eef80000)
  from space 7168K, 13% used [0x00000000ef680000,0x00000000ef76fea8,0x00000000efd80000)
  to   space 7168K, 0% used [0x00000000eef80000,0x00000000eef80000,0x00000000ef680000)
 ParOldGen       total 31744K, used 18839K [0x00000000c1800000, 0x00000000c3700000, 0x00000000eb300000)
  object space 31744K, 59% used [0x00000000c1800000,0x00000000c2a65ed8,0x00000000c3700000)
 Metaspace       used 34247K, capacity 35292K, committed 35416K, reserved 1081344K
  class space    used 4350K, capacity 4594K, committed 4608K, reserved 1048576K
}
Event: 14.075 GC heap before
{Heap before GC invocations=18 (full 2):
 PSYoungGen      total 69120K, used 959K [0x00000000eb300000, 0x00000000f0280000, 0x0000000100000000)
  eden space 61952K, 0% used [0x00000000eb300000,0x00000000eb300000,0x00000000eef80000)
  from space 7168K, 13% used [0x00000000ef680000,0x00000000ef76fea8,0x00000000efd80000)
  to   space 7168K, 0% used [0x00000000eef80000,0x00000000eef80000,0x00000000ef680000)
 ParOldGen       total 31744K, used 18839K [0x00000000c1800000, 0x00000000c3700000, 0x00000000eb300000)
  object space 31744K, 59% used [0x00000000c1800000,0x00000000c2a65ed8,0x00000000c3700000)
 Metaspace       used 34247K, capacity 35292K, committed 35416K, reserved 1081344K
  class space    used 4350K, capacity 4594K, committed 4608K, reserved 1048576K
Event: 14.186 GC heap after
Heap after GC invocations=18 (full 2):
 PSYoungGen      total 69120K, used 0K [0x00000000eb300000, 0x00000000f0280000, 0x0000000100000000)
  eden space 61952K, 0% used [0x00000000eb300000,0x00000000eb300000,0x00000000eef80000)
  from space 7168K, 0% used [0x00000000ef680000,0x00000000ef680000,0x00000000efd80000)
  to   space 7168K, 0% used [0x00000000eef80000,0x00000000eef80000,0x00000000ef680000)
 ParOldGen       total 51200K, used 16347K [0x00000000c1800000, 0x00000000c4a00000, 0x00000000eb300000)
  object space 51200K, 31% used [0x00000000c1800000,0x00000000c27f6e08,0x00000000c4a00000)
 Metaspace       used 34247K, capacity 35292K, committed 35416K, reserved 1081344K
  class space    used 4350K, capacity 4594K, committed 4608K, reserved 1048576K
}
Event: 15.481 GC heap before
{Heap before GC invocations=19 (full 2):
 PSYoungGen      total 69120K, used 61952K [0x00000000eb300000, 0x00000000f0280000, 0x0000000100000000)
  eden space 61952K, 100% used [0x00000000eb300000,0x00000000eef80000,0x00000000eef80000)
  from space 7168K, 0% used [0x00000000ef680000,0x00000000ef680000,0x00000000efd80000)
  to   space 7168K, 0% used [0x00000000eef80000,0x00000000eef80000,0x00000000ef680000)
 ParOldGen       total 51200K, used 16347K [0x00000000c1800000, 0x00000000c4a00000, 0x00000000eb300000)
  object space 51200K, 31% used [0x00000000c1800000,0x00000000c27f6e08,0x00000000c4a00000)
 Metaspace       used 39476K, capacity 40542K, committed 40832K, reserved 1085440K
  class space    used 5231K, capacity 5469K, committed 5504K, reserved 1048576K
Event: 15.489 GC heap after
Heap after GC invocations=19 (full 2):
 PSYoungGen      total 69120K, used 5504K [0x00000000eb300000, 0x00000000f0e00000, 0x0000000100000000)
  eden space 61952K, 0% used [0x00000000eb300000,0x00000000eb300000,0x00000000eef80000)
  from space 7168K, 76% used [0x00000000eef80000,0x00000000ef4e01c0,0x00000000ef680000)
  to   space 7680K, 0% used [0x00000000f0680000,0x00000000f0680000,0x00000000f0e00000)
 ParOldGen       total 51200K, used 16355K [0x00000000c1800000, 0x00000000c4a00000, 0x00000000eb300000)
  object space 51200K, 31% used [0x00000000c1800000,0x00000000c27f8e08,0x00000000c4a00000)
 Metaspace       used 39476K, capacity 40542K, committed 40832K, reserved 1085440K
  class space    used 5231K, capacity 5469K, committed 5504K, reserved 1048576K
}
Event: 16.885 GC heap before
{Heap before GC invocations=20 (full 2):
 PSYoungGen      total 69120K, used 67456K [0x00000000eb300000, 0x00000000f0e00000, 0x0000000100000000)
  eden space 61952K, 100% used [0x00000000eb300000,0x00000000eef80000,0x00000000eef80000)
  from space 7168K, 76% used [0x00000000eef80000,0x00000000ef4e01c0,0x00000000ef680000)
  to   space 7680K, 0% used [0x00000000f0680000,0x00000000f0680000,0x00000000f0e00000)
 ParOldGen       total 51200K, used 16355K [0x00000000c1800000, 0x00000000c4a00000, 0x00000000eb300000)
  object space 51200K, 31% used [0x00000000c1800000,0x00000000c27f8e08,0x00000000c4a00000)
 Metaspace       used 41927K, capacity 43376K, committed 43520K, reserved 1087488K
  class space    used 5575K, capacity 5874K, committed 5888K, reserved 1048576K
Event: 16.905 GC heap after
Heap after GC invocations=20 (full 2):
 PSYoungGen      total 84480K, used 4534K [0x00000000eb300000, 0x00000000f0d80000, 0x0000000100000000)
  eden space 77312K, 0% used [0x00000000eb300000,0x00000000eb300000,0x00000000efe80000)
  from space 7168K, 63% used [0x00000000f0680000,0x00000000f0aed9e8,0x00000000f0d80000)
  to   space 7680K, 0% used [0x00000000efe80000,0x00000000efe80000,0x00000000f0600000)
 ParOldGen       total 51200K, used 17420K [0x00000000c1800000, 0x00000000c4a00000, 0x00000000eb300000)
  object space 51200K, 34% used [0x00000000c1800000,0x00000000c2903198,0x00000000c4a00000)
 Metaspace       used 41927K, capacity 43376K, committed 43520K, reserved 1087488K
  class space    used 5575K, capacity 5874K, committed 5888K, reserved 1048576K
}

