# JRE version: Java(TM) SE Runtime Environment (8.0_171-b11) (build 1.8.0_171-b11)
# Java VM: Java HotSpot(TM) 64-Bit Server VM (25.171-b11 mixed mode windows-amd64 compressed oops)
Heap:
 PSYoungGen      total 73216K, used 58144K [0x00000000eb300000, 0x00000000f0200000, 0x0000000100000000)
  eden space 65536K, 88% used [0x00000000eb300000,0x00000000eebc8338,0x00000000ef300000)
  from space 7680K, 0% used [0x00000000efa80000,0x00000000efa80000,0x00000000f0200000)
  to   space 7680K, 0% used [0x00000000ef300000,0x00000000ef300000,0x00000000efa80000)
 ParOldGen       total 36352K, used 9205K [0x00000000c1800000, 0x00000000c3b80000, 0x00000000eb300000)
  object space 36352K, 25% used [0x00000000c1800000,0x00000000c20fd428,0x00000000c3b80000)
 Metaspace       used 26479K, capacity 27268K, committed 27440K, reserved 1073152K
  class space    used 3410K, capacity 3600K, committed 3632K, reserved 1048576K
GC Heap History (10 events):
Event: 2.292 GC heap before
{Heap before GC invocations=3 (full 0):
 PSYoungGen      total 18944K, used 18923K [0x00000000eb300000, 0x00000000ec800000, 0x0000000100000000)
  eden space 16384K, 100% used [0x00000000eb300000,0x00000000ec300000,0x00000000ec300000)
  from space 2560K, 99% used [0x00000000ec580000,0x00000000ec7fac58,0x00000000ec800000)
  to   space 2560K, 0% used [0x00000000ec300000,0x00000000ec300000,0x00000000ec580000)
 ParOldGen       total 44032K, used 1845K [0x00000000c1800000, 0x00000000c4300000, 0x00000000eb300000)
  object space 44032K, 4% used [0x00000000c1800000,0x00000000c19cd748,0x00000000c4300000)
 Metaspace       used 12599K, capacity 13052K, committed 13312K, reserved 1060864K
  class space    used 1635K, capacity 1748K, committed 1792K, reserved 1048576K
Event: 2.300 GC heap after
Heap after GC invocations=3 (full 0):
 PSYoungGen      total 18944K, used 2544K [0x00000000eb300000, 0x00000000ed800000, 0x0000000100000000)
  eden space 16384K, 0% used [0x00000000eb300000,0x00000000eb300000,0x00000000ec300000)
  from space 2560K, 99% used [0x00000000ec300000,0x00000000ec57c010,0x00000000ec580000)
  to   space 2560K, 0% used [0x00000000ed580000,0x00000000ed580000,0x00000000ed800000)
 ParOldGen       total 44032K, used 3351K [0x00000000c1800000, 0x00000000c4300000, 0x00000000eb300000)
  object space 44032K, 7% used [0x00000000c1800000,0x00000000c1b45d90,0x00000000c4300000)
 Metaspace       used 12599K, capacity 13052K, committed 13312K, reserved 1060864K
  class space    used 1635K, capacity 1748K, committed 1792K, reserved 1048576K
}
Event: 2.553 GC heap before
{Heap before GC invocations=4 (full 0):
 PSYoungGen      total 18944K, used 18928K [0x00000000eb300000, 0x00000000ed800000, 0x0000000100000000)
  eden space 16384K, 100% used [0x00000000eb300000,0x00000000ec300000,0x00000000ec300000)
  from space 2560K, 99% used [0x00000000ec300000,0x00000000ec57c010,0x00000000ec580000)
  to   space 2560K, 0% used [0x00000000ed580000,0x00000000ed580000,0x00000000ed800000)
 ParOldGen       total 44032K, used 3351K [0x00000000c1800000, 0x00000000c4300000, 0x00000000eb300000)
  object space 44032K, 7% used [0x00000000c1800000,0x00000000c1b45d90,0x00000000c4300000)
 Metaspace       used 14391K, capacity 14938K, committed 15232K, reserved 1062912K
  class space    used 1893K, capacity 2053K, committed 2176K, reserved 1048576K
Event: 2.560 GC heap after
Heap after GC invocations=4 (full 0):
 PSYoungGen      total 35328K, used 2560K [0x00000000eb300000, 0x00000000ed800000, 0x0000000100000000)
  eden space 32768K, 0% used [0x00000000eb300000,0x00000000eb300000,0x00000000ed300000)
  from space 2560K, 100% used [0x00000000ed580000,0x00000000ed800000,0x00000000ed800000)
  to   space 2560K, 0% used [0x00000000ed300000,0x00000000ed300000,0x00000000ed580000)
 ParOldGen       total 44032K, used 5471K [0x00000000c1800000, 0x00000000c4300000, 0x00000000eb300000)
  object space 44032K, 12% used [0x00000000c1800000,0x00000000c1d57e00,0x00000000c4300000)
 Metaspace       used 14391K, capacity 14938K, committed 15232K, reserved 1062912K
  class space    used 1893K, capacity 2053K, committed 2176K, reserved 1048576K
}
Event: 3.360 GC heap before
{Heap before GC invocations=5 (full 0):
 PSYoungGen      total 35328K, used 35328K [0x00000000eb300000, 0x00000000ed800000, 0x0000000100000000)
  eden space 32768K, 100% used [0x00000000eb300000,0x00000000ed300000,0x00000000ed300000)
  from space 2560K, 100% used [0x00000000ed580000,0x00000000ed800000,0x00000000ed800000)
  to   space 2560K, 0% used [0x00000000ed300000,0x00000000ed300000,0x00000000ed580000)
 ParOldGen       total 44032K, used 5471K [0x00000000c1800000, 0x00000000c4300000, 0x00000000eb300000)
  object space 44032K, 12% used [0x00000000c1800000,0x00000000c1d57e00,0x00000000c4300000)
 Metaspace       used 19817K, capacity 20330K, committed 20736K, reserved 1067008K
  class space    used 2546K, capacity 2691K, committed 2816K, reserved 1048576K
Event: 3.370 GC heap after
Heap after GC invocations=5 (full 0):
 PSYoungGen      total 35328K, used 2560K [0x00000000eb300000, 0x00000000f0200000, 0x0000000100000000)
  eden space 32768K, 0% used [0x00000000eb300000,0x00000000eb300000,0x00000000ed300000)
  from space 2560K, 100% used [0x00000000ed300000,0x00000000ed580000,0x00000000ed580000)
  to   space 7680K, 0% used [0x00000000efa80000,0x00000000efa80000,0x00000000f0200000)
 ParOldGen       total 44032K, used 10921K [0x00000000c1800000, 0x00000000c4300000, 0x00000000eb300000)
  object space 44032K, 24% used [0x00000000c1800000,0x00000000c22aa428,0x00000000c4300000)
 Metaspace       used 19817K, capacity 20330K, committed 20736K, reserved 1067008K
  class space    used 2546K, capacity 2691K, committed 2816K, reserved 1048576K
}
Event: 3.519 GC heap before
{Heap before GC invocations=6 (full 0):
 PSYoungGen      total 35328K, used 10549K [0x00000000eb300000, 0x00000000f0200000, 0x0000000100000000)
  eden space 32768K, 24% used [0x00000000eb300000,0x00000000ebacd798,0x00000000ed300000)
  from space 2560K, 100% used [0x00000000ed300000,0x00000000ed580000,0x00000000ed580000)
  to   space 7680K, 0% used [0x00000000efa80000,0x00000000efa80000,0x00000000f0200000)
 ParOldGen       total 44032K, used 10921K [0x00000000c1800000, 0x00000000c4300000, 0x00000000eb300000)
  object space 44032K, 24% used [0x00000000c1800000,0x00000000c22aa428,0x00000000c4300000)
 Metaspace       used 20661K, capacity 21226K, committed 21296K, reserved 1067008K
  class space    used 2659K, capacity 2821K, committed 2864K, reserved 1048576K
Event: 3.531 GC heap after
Heap after GC invocations=6 (full 0):
 PSYoungGen      total 73216K, used 3382K [0x00000000eb300000, 0x00000000f0200000, 0x0000000100000000)
  eden space 65536K, 0% used [0x00000000eb300000,0x00000000eb300000,0x00000000ef300000)
  from space 7680K, 44% used [0x00000000efa80000,0x00000000efdcdb90,0x00000000f0200000)
  to   space 7680K, 0% used [0x00000000ef300000,0x00000000ef300000,0x00000000efa80000)
 ParOldGen       total 44032K, used 10929K [0x00000000c1800000, 0x00000000c4300000, 0x00000000eb300000)
  object space 44032K, 24% used [0x00000000c1800000,0x00000000c22ac428,0x00000000c4300000)
 Metaspace       used 20661K, capacity 21226K, committed 21296K, reserved 1067008K
  class space    used 2659K, capacity 2821K, committed 2864K, reserved 1048576K
}
Event: 3.531 GC heap before
{Heap before GC invocations=7 (full 1):
 PSYoungGen      total 73216K, used 3382K [0x00000000eb300000, 0x00000000f0200000, 0x0000000100000000)
  eden space 65536K, 0% used [0x00000000eb300000,0x00000000eb300000,0x00000000ef300000)
  from space 7680K, 44% used [0x00000000efa80000,0x00000000efdcdb90,0x00000000f0200000)
  to   space 7680K, 0% used [0x00000000ef300000,0x00000000ef300000,0x00000000efa80000)
 ParOldGen       total 44032K, used 10929K [0x00000000c1800000, 0x00000000c4300000, 0x00000000eb300000)
  object space 44032K, 24% used [0x00000000c1800000,0x00000000c22ac428,0x00000000c4300000)
 Metaspace       used 20661K, capacity 21226K, committed 21296K, reserved 1067008K
  class space    used 2659K, capacity 2821K, committed 2864K, reserved 1048576K
Event: 3.581 GC heap after
Heap after GC invocations=7 (full 1):
 PSYoungGen      total 73216K, used 0K [0x00000000eb300000, 0x00000000f0200000, 0x0000000100000000)
  eden space 65536K, 0% used [0x00000000eb300000,0x00000000eb300000,0x00000000ef300000)
  from space 7680K, 0% used [0x00000000efa80000,0x00000000efa80000,0x00000000f0200000)
  to   space 7680K, 0% used [0x00000000ef300000,0x00000000ef300000,0x00000000efa80000)
 ParOldGen       total 36352K, used 9205K [0x00000000c1800000, 0x00000000c3b80000, 0x00000000eb300000)
  object space 36352K, 25% used [0x00000000c1800000,0x00000000c20fd428,0x00000000c3b80000)
 Metaspace       used 20661K, capacity 21226K, committed 21296K, reserved 1067008K
  class space    used 2659K, capacity 2821K, committed 2864K, reserved 1048576K
}

