# JRE version: Java(TM) SE Runtime Environment (8.0_171-b11) (build 1.8.0_171-b11)
# Java VM: Java HotSpot(TM) 64-Bit Server VM (25.171-b11 mixed mode windows-amd64 compressed oops)
Heap:
 PSYoungGen      total 139264K, used 56279K [0x00000000eb300000, 0x00000000f5000000, 0x0000000100000000)
  eden space 126976K, 34% used [0x00000000eb300000,0x00000000eddf95b0,0x00000000f2f00000)
  from space 12288K, 99% used [0x00000000f3e00000,0x00000000f49fc700,0x00000000f4a00000)
  to   space 15360K, 0% used [0x00000000f2f00000,0x00000000f2f00000,0x00000000f3e00000)
 ParOldGen       total 44032K, used 17052K [0x00000000c1800000, 0x00000000c4300000, 0x00000000eb300000)
  object space 44032K, 38% used [0x00000000c1800000,0x00000000c28a7278,0x00000000c4300000)
 Metaspace       used 18882K, capacity 19352K, committed 19584K, reserved 1067008K
  class space    used 2176K, capacity 2325K, committed 2432K, reserved 1048576K
GC Heap History (10 events):
Event: 2.001 GC heap before
{Heap before GC invocations=4 (full 0):
 PSYoungGen      total 18944K, used 18920K [0x00000000eb300000, 0x00000000ed800000, 0x0000000100000000)
  eden space 16384K, 100% used [0x00000000eb300000,0x00000000ec300000,0x00000000ec300000)
  from space 2560K, 99% used [0x00000000ec300000,0x00000000ec57a3c8,0x00000000ec580000)
  to   space 2560K, 0% used [0x00000000ed580000,0x00000000ed580000,0x00000000ed800000)
 ParOldGen       total 44032K, used 2797K [0x00000000c1800000, 0x00000000c4300000, 0x00000000eb300000)
  object space 44032K, 6% used [0x00000000c1800000,0x00000000c1abb7d0,0x00000000c4300000)
 Metaspace       used 11774K, capacity 12026K, committed 12416K, reserved 1060864K
  class space    used 1484K, capacity 1577K, committed 1664K, reserved 1048576K
Event: 2.011 GC heap after
Heap after GC invocations=4 (full 0):
 PSYoungGen      total 35328K, used 2528K [0x00000000eb300000, 0x00000000ed800000, 0x0000000100000000)
  eden space 32768K, 0% used [0x00000000eb300000,0x00000000eb300000,0x00000000ed300000)
  from space 2560K, 98% used [0x00000000ed580000,0x00000000ed7f8020,0x00000000ed800000)
  to   space 2560K, 0% used [0x00000000ed300000,0x00000000ed300000,0x00000000ed580000)
 ParOldGen       total 44032K, used 5268K [0x00000000c1800000, 0x00000000c4300000, 0x00000000eb300000)
  object space 44032K, 11% used [0x00000000c1800000,0x00000000c1d25310,0x00000000c4300000)
 Metaspace       used 11774K, capacity 12026K, committed 12416K, reserved 1060864K
  class space    used 1484K, capacity 1577K, committed 1664K, reserved 1048576K
}
Event: 2.997 GC heap before
{Heap before GC invocations=5 (full 0):
 PSYoungGen      total 35328K, used 35296K [0x00000000eb300000, 0x00000000ed800000, 0x0000000100000000)
  eden space 32768K, 100% used [0x00000000eb300000,0x00000000ed300000,0x00000000ed300000)
  from space 2560K, 98% used [0x00000000ed580000,0x00000000ed7f8020,0x00000000ed800000)
  to   space 2560K, 0% used [0x00000000ed300000,0x00000000ed300000,0x00000000ed580000)
 ParOldGen       total 44032K, used 5268K [0x00000000c1800000, 0x00000000c4300000, 0x00000000eb300000)
  object space 44032K, 11% used [0x00000000c1800000,0x00000000c1d25310,0x00000000c4300000)
 Metaspace       used 14491K, capacity 14772K, committed 14976K, reserved 1062912K
  class space    used 1786K, capacity 1880K, committed 1920K, reserved 1048576K
Event: 3.015 GC heap after
Heap after GC invocations=5 (full 0):
 PSYoungGen      total 35328K, used 2528K [0x00000000eb300000, 0x00000000f0400000, 0x0000000100000000)
  eden space 32768K, 0% used [0x00000000eb300000,0x00000000eb300000,0x00000000ed300000)
  from space 2560K, 98% used [0x00000000ed300000,0x00000000ed578020,0x00000000ed580000)
  to   space 8704K, 0% used [0x00000000efb80000,0x00000000efb80000,0x00000000f0400000)
 ParOldGen       total 44032K, used 11533K [0x00000000c1800000, 0x00000000c4300000, 0x00000000eb300000)
  object space 44032K, 26% used [0x00000000c1800000,0x00000000c2343728,0x00000000c4300000)
 Metaspace       used 14491K, capacity 14772K, committed 14976K, reserved 1062912K
  class space    used 1786K, capacity 1880K, committed 1920K, reserved 1048576K
}
Event: 3.640 GC heap before
{Heap before GC invocations=6 (full 0):
 PSYoungGen      total 35328K, used 35296K [0x00000000eb300000, 0x00000000f0400000, 0x0000000100000000)
  eden space 32768K, 100% used [0x00000000eb300000,0x00000000ed300000,0x00000000ed300000)
  from space 2560K, 98% used [0x00000000ed300000,0x00000000ed578020,0x00000000ed580000)
  to   space 8704K, 0% used [0x00000000efb80000,0x00000000efb80000,0x00000000f0400000)
 ParOldGen       total 44032K, used 11533K [0x00000000c1800000, 0x00000000c4300000, 0x00000000eb300000)
  object space 44032K, 26% used [0x00000000c1800000,0x00000000c2343728,0x00000000c4300000)
 Metaspace       used 15007K, capacity 15258K, committed 15488K, reserved 1062912K
  class space    used 1814K, capacity 1913K, committed 1920K, reserved 1048576K
Event: 3.660 GC heap after
Heap after GC invocations=6 (full 0):
 PSYoungGen      total 73728K, used 6967K [0x00000000eb300000, 0x00000000f0500000, 0x0000000100000000)
  eden space 65024K, 0% used [0x00000000eb300000,0x00000000eb300000,0x00000000ef280000)
  from space 8704K, 80% used [0x00000000efb80000,0x00000000f024dc00,0x00000000f0400000)
  to   space 9216K, 0% used [0x00000000ef280000,0x00000000ef280000,0x00000000efb80000)
 ParOldGen       total 44032K, used 11541K [0x00000000c1800000, 0x00000000c4300000, 0x00000000eb300000)
  object space 44032K, 26% used [0x00000000c1800000,0x00000000c2345728,0x00000000c4300000)
 Metaspace       used 15007K, capacity 15258K, committed 15488K, reserved 1062912K
  class space    used 1814K, capacity 1913K, committed 1920K, reserved 1048576K
}
Event: 4.584 GC heap before
{Heap before GC invocations=7 (full 0):
 PSYoungGen      total 73728K, used 71991K [0x00000000eb300000, 0x00000000f0500000, 0x0000000100000000)
  eden space 65024K, 100% used [0x00000000eb300000,0x00000000ef280000,0x00000000ef280000)
  from space 8704K, 80% used [0x00000000efb80000,0x00000000f024dc00,0x00000000f0400000)
  to   space 9216K, 0% used [0x00000000ef280000,0x00000000ef280000,0x00000000efb80000)
 ParOldGen       total 44032K, used 11541K [0x00000000c1800000, 0x00000000c4300000, 0x00000000eb300000)
  object space 44032K, 26% used [0x00000000c1800000,0x00000000c2345728,0x00000000c4300000)
 Metaspace       used 15523K, capacity 15800K, committed 16000K, reserved 1062912K
  class space    used 1839K, capacity 1918K, committed 1920K, reserved 1048576K
Event: 4.631 GC heap after
Heap after GC invocations=7 (full 0):
 PSYoungGen      total 74240K, used 9216K [0x00000000eb300000, 0x00000000f4a00000, 0x0000000100000000)
  eden space 65024K, 0% used [0x00000000eb300000,0x00000000eb300000,0x00000000ef280000)
  from space 9216K, 100% used [0x00000000ef280000,0x00000000efb80000,0x00000000efb80000)
  to   space 12288K, 0% used [0x00000000f3e00000,0x00000000f3e00000,0x00000000f4a00000)
 ParOldGen       total 44032K, used 14442K [0x00000000c1800000, 0x00000000c4300000, 0x00000000eb300000)
  object space 44032K, 32% used [0x00000000c1800000,0x00000000c261a9d0,0x00000000c4300000)
 Metaspace       used 15523K, capacity 15800K, committed 16000K, reserved 1062912K
  class space    used 1839K, capacity 1918K, committed 1920K, reserved 1048576K
}
Event: 6.420 GC heap before
{Heap before GC invocations=8 (full 0):
 PSYoungGen      total 74240K, used 74240K [0x00000000eb300000, 0x00000000f4a00000, 0x0000000100000000)
  eden space 65024K, 100% used [0x00000000eb300000,0x00000000ef280000,0x00000000ef280000)
  from space 9216K, 100% used [0x00000000ef280000,0x00000000efb80000,0x00000000efb80000)
  to   space 12288K, 0% used [0x00000000f3e00000,0x00000000f3e00000,0x00000000f4a00000)
 ParOldGen       total 44032K, used 14442K [0x00000000c1800000, 0x00000000c4300000, 0x00000000eb300000)
  object space 44032K, 32% used [0x00000000c1800000,0x00000000c261a9d0,0x00000000c4300000)
 Metaspace       used 18196K, capacity 18706K, committed 18944K, reserved 1067008K
  class space    used 2100K, capacity 2260K, committed 2304K, reserved 1048576K
Event: 6.447 GC heap after
Heap after GC invocations=8 (full 0):
 PSYoungGen      total 139264K, used 12273K [0x00000000eb300000, 0x00000000f5000000, 0x0000000100000000)
  eden space 126976K, 0% used [0x00000000eb300000,0x00000000eb300000,0x00000000f2f00000)
  from space 12288K, 99% used [0x00000000f3e00000,0x00000000f49fc700,0x00000000f4a00000)
  to   space 15360K, 0% used [0x00000000f2f00000,0x00000000f2f00000,0x00000000f3e00000)
 ParOldGen       total 44032K, used 17052K [0x00000000c1800000, 0x00000000c4300000, 0x00000000eb300000)
  object space 44032K, 38% used [0x00000000c1800000,0x00000000c28a7278,0x00000000c4300000)
 Metaspace       used 18196K, capacity 18706K, committed 18944K, reserved 1067008K
  class space    used 2100K, capacity 2260K, committed 2304K, reserved 1048576K
}

