# JRE version: Java(TM) SE Runtime Environment (8.0_171-b11) (build 1.8.0_171-b11)
# Java VM: Java HotSpot(TM) 64-Bit Server VM (25.171-b11 mixed mode windows-amd64 compressed oops)
Heap:
 PSYoungGen      total 74240K, used 13551K [0x00000000eb300000, 0x00000000f4a00000, 0x0000000100000000)
  eden space 64512K, 5% used [0x00000000eb300000,0x00000000eb6bff60,0x00000000ef200000)
  from space 9728K, 99% used [0x00000000ef200000,0x00000000efb7c010,0x00000000efb80000)
  to   space 12800K, 0% used [0x00000000f3d80000,0x00000000f3d80000,0x00000000f4a00000)
 ParOldGen       total 44032K, used 14293K [0x00000000c1800000, 0x00000000c4300000, 0x00000000eb300000)
  object space 44032K, 32% used [0x00000000c1800000,0x00000000c25f5640,0x00000000c4300000)
 Metaspace       used 15488K, capacity 15736K, committed 16000K, reserved 1062912K
  class space    used 1839K, capacity 1918K, committed 1920K, reserved 1048576K
GC Heap History (10 events):
Event: 2.041 GC heap before
{Heap before GC invocations=3 (full 0):
 PSYoungGen      total 18944K, used 18924K [0x00000000eb300000, 0x00000000ed800000, 0x0000000100000000)
  eden space 16384K, 100% used [0x00000000eb300000,0x00000000ec300000,0x00000000ec300000)
  from space 2560K, 99% used [0x00000000ec580000,0x00000000ec7fb338,0x00000000ec800000)
  to   space 2560K, 0% used [0x00000000ec300000,0x00000000ec300000,0x00000000ec580000)
 ParOldGen       total 44032K, used 894K [0x00000000c1800000, 0x00000000c4300000, 0x00000000eb300000)
  object space 44032K, 2% used [0x00000000c1800000,0x00000000c18df808,0x00000000c4300000)
 Metaspace       used 9861K, capacity 10052K, committed 10368K, reserved 1058816K
  class space    used 1207K, capacity 1285K, committed 1408K, reserved 1048576K
Event: 2.046 GC heap after
Heap after GC invocations=3 (full 0):
 PSYoungGen      total 18944K, used 2550K [0x00000000eb300000, 0x00000000ed800000, 0x0000000100000000)
  eden space 16384K, 0% used [0x00000000eb300000,0x00000000eb300000,0x00000000ec300000)
  from space 2560K, 99% used [0x00000000ec300000,0x00000000ec57d958,0x00000000ec580000)
  to   space 2560K, 0% used [0x00000000ed580000,0x00000000ed580000,0x00000000ed800000)
 ParOldGen       total 44032K, used 2716K [0x00000000c1800000, 0x00000000c4300000, 0x00000000eb300000)
  object space 44032K, 6% used [0x00000000c1800000,0x00000000c1aa71f0,0x00000000c4300000)
 Metaspace       used 9861K, capacity 10052K, committed 10368K, reserved 1058816K
  class space    used 1207K, capacity 1285K, committed 1408K, reserved 1048576K
}
Event: 2.463 GC heap before
{Heap before GC invocations=4 (full 0):
 PSYoungGen      total 18944K, used 18934K [0x00000000eb300000, 0x00000000ed800000, 0x0000000100000000)
  eden space 16384K, 100% used [0x00000000eb300000,0x00000000ec300000,0x00000000ec300000)
  from space 2560K, 99% used [0x00000000ec300000,0x00000000ec57d958,0x00000000ec580000)
  to   space 2560K, 0% used [0x00000000ed580000,0x00000000ed580000,0x00000000ed800000)
 ParOldGen       total 44032K, used 2716K [0x00000000c1800000, 0x00000000c4300000, 0x00000000eb300000)
  object space 44032K, 6% used [0x00000000c1800000,0x00000000c1aa71f0,0x00000000c4300000)
 Metaspace       used 11784K, capacity 12026K, committed 12416K, reserved 1060864K
  class space    used 1485K, capacity 1577K, committed 1664K, reserved 1048576K
Event: 2.473 GC heap after
Heap after GC invocations=4 (full 0):
 PSYoungGen      total 35328K, used 2528K [0x00000000eb300000, 0x00000000ed800000, 0x0000000100000000)
  eden space 32768K, 0% used [0x00000000eb300000,0x00000000eb300000,0x00000000ed300000)
  from space 2560K, 98% used [0x00000000ed580000,0x00000000ed7f8020,0x00000000ed800000)
  to   space 2560K, 0% used [0x00000000ed300000,0x00000000ed300000,0x00000000ed580000)
 ParOldGen       total 44032K, used 5204K [0x00000000c1800000, 0x00000000c4300000, 0x00000000eb300000)
  object space 44032K, 11% used [0x00000000c1800000,0x00000000c1d15190,0x00000000c4300000)
 Metaspace       used 11784K, capacity 12026K, committed 12416K, reserved 1060864K
  class space    used 1485K, capacity 1577K, committed 1664K, reserved 1048576K
}
Event: 3.490 GC heap before
{Heap before GC invocations=5 (full 0):
 PSYoungGen      total 35328K, used 35296K [0x00000000eb300000, 0x00000000ed800000, 0x0000000100000000)
  eden space 32768K, 100% used [0x00000000eb300000,0x00000000ed300000,0x00000000ed300000)
  from space 2560K, 98% used [0x00000000ed580000,0x00000000ed7f8020,0x00000000ed800000)
  to   space 2560K, 0% used [0x00000000ed300000,0x00000000ed300000,0x00000000ed580000)
 ParOldGen       total 44032K, used 5204K [0x00000000c1800000, 0x00000000c4300000, 0x00000000eb300000)
  object space 44032K, 11% used [0x00000000c1800000,0x00000000c1d15190,0x00000000c4300000)
 Metaspace       used 14476K, capacity 14708K, committed 14976K, reserved 1062912K
  class space    used 1784K, capacity 1880K, committed 1920K, reserved 1048576K
Event: 3.508 GC heap after
Heap after GC invocations=5 (full 0):
 PSYoungGen      total 35328K, used 2528K [0x00000000eb300000, 0x00000000f0400000, 0x0000000100000000)
  eden space 32768K, 0% used [0x00000000eb300000,0x00000000eb300000,0x00000000ed300000)
  from space 2560K, 98% used [0x00000000ed300000,0x00000000ed578040,0x00000000ed580000)
  to   space 8704K, 0% used [0x00000000efb80000,0x00000000efb80000,0x00000000f0400000)
 ParOldGen       total 44032K, used 11557K [0x00000000c1800000, 0x00000000c4300000, 0x00000000eb300000)
  object space 44032K, 26% used [0x00000000c1800000,0x00000000c2349638,0x00000000c4300000)
 Metaspace       used 14476K, capacity 14708K, committed 14976K, reserved 1062912K
  class space    used 1784K, capacity 1880K, committed 1920K, reserved 1048576K
}
Event: 4.490 GC heap before
{Heap before GC invocations=6 (full 0):
 PSYoungGen      total 35328K, used 35296K [0x00000000eb300000, 0x00000000f0400000, 0x0000000100000000)
  eden space 32768K, 100% used [0x00000000eb300000,0x00000000ed300000,0x00000000ed300000)
  from space 2560K, 98% used [0x00000000ed300000,0x00000000ed578040,0x00000000ed580000)
  to   space 8704K, 0% used [0x00000000efb80000,0x00000000efb80000,0x00000000f0400000)
 ParOldGen       total 44032K, used 11557K [0x00000000c1800000, 0x00000000c4300000, 0x00000000eb300000)
  object space 44032K, 26% used [0x00000000c1800000,0x00000000c2349638,0x00000000c4300000)
 Metaspace       used 14982K, capacity 15226K, committed 15488K, reserved 1062912K
  class space    used 1811K, capacity 1881K, committed 1920K, reserved 1048576K
Event: 4.511 GC heap after
Heap after GC invocations=6 (full 0):
 PSYoungGen      total 73216K, used 7031K [0x00000000eb300000, 0x00000000f0600000, 0x0000000100000000)
  eden space 64512K, 0% used [0x00000000eb300000,0x00000000eb300000,0x00000000ef200000)
  from space 8704K, 80% used [0x00000000efb80000,0x00000000f025dc00,0x00000000f0400000)
  to   space 9728K, 0% used [0x00000000ef200000,0x00000000ef200000,0x00000000efb80000)
 ParOldGen       total 44032K, used 11565K [0x00000000c1800000, 0x00000000c4300000, 0x00000000eb300000)
  object space 44032K, 26% used [0x00000000c1800000,0x00000000c234b638,0x00000000c4300000)
 Metaspace       used 14982K, capacity 15226K, committed 15488K, reserved 1062912K
  class space    used 1811K, capacity 1881K, committed 1920K, reserved 1048576K
}
Event: 7.062 GC heap before
{Heap before GC invocations=7 (full 0):
 PSYoungGen      total 73216K, used 71543K [0x00000000eb300000, 0x00000000f0600000, 0x0000000100000000)
  eden space 64512K, 100% used [0x00000000eb300000,0x00000000ef200000,0x00000000ef200000)
  from space 8704K, 80% used [0x00000000efb80000,0x00000000f025dc00,0x00000000f0400000)
  to   space 9728K, 0% used [0x00000000ef200000,0x00000000ef200000,0x00000000efb80000)
 ParOldGen       total 44032K, used 11565K [0x00000000c1800000, 0x00000000c4300000, 0x00000000eb300000)
  object space 44032K, 26% used [0x00000000c1800000,0x00000000c234b638,0x00000000c4300000)
 Metaspace       used 15483K, capacity 15736K, committed 16000K, reserved 1062912K
  class space    used 1839K, capacity 1918K, committed 1920K, reserved 1048576K
Event: 7.096 GC heap after
Heap after GC invocations=7 (full 0):
 PSYoungGen      total 74240K, used 9712K [0x00000000eb300000, 0x00000000f4a00000, 0x0000000100000000)
  eden space 64512K, 0% used [0x00000000eb300000,0x00000000eb300000,0x00000000ef200000)
  from space 9728K, 99% used [0x00000000ef200000,0x00000000efb7c010,0x00000000efb80000)
  to   space 12800K, 0% used [0x00000000f3d80000,0x00000000f3d80000,0x00000000f4a00000)
 ParOldGen       total 44032K, used 14293K [0x00000000c1800000, 0x00000000c4300000, 0x00000000eb300000)
  object space 44032K, 32% used [0x00000000c1800000,0x00000000c25f5640,0x00000000c4300000)
 Metaspace       used 15483K, capacity 15736K, committed 16000K, reserved 1062912K
  class space    used 1839K, capacity 1918K, committed 1920K, reserved 1048576K
}

